<?xml version="1.0" encoding="UTF-8"?>
<testsuite name="com.omar.springapp.SpringAppApplicationTests" tests="1" skipped="0" failures="0" errors="0" timestamp="2021-03-10T04:51:02" hostname="Vishvas-MacBook-Pro.local" time="0.146">
  <properties/>
  <testcase name="contextLoads()" classname="com.omar.springapp.SpringAppApplicationTests" time="0.146"/>
  <system-out><![CDATA[10:21:00.736 [Test worker] DEBUG org.springframework.test.context.BootstrapUtils - Instantiating CacheAwareContextLoaderDelegate from class [org.springframework.test.context.cache.DefaultCacheAwareContextLoaderDelegate]
10:21:00.748 [Test worker] DEBUG org.springframework.test.context.BootstrapUtils - Instantiating BootstrapContext using constructor [public org.springframework.test.context.support.DefaultBootstrapContext(java.lang.Class,org.springframework.test.context.CacheAwareContextLoaderDelegate)]
10:21:00.781 [Test worker] DEBUG org.springframework.test.context.BootstrapUtils - Instantiating TestContextBootstrapper for test class [com.omar.springapp.SpringAppApplicationTests] from class [org.springframework.boot.test.context.SpringBootTestContextBootstrapper]
10:21:00.790 [Test worker] INFO org.springframework.boot.test.context.SpringBootTestContextBootstrapper - Neither @ContextConfiguration nor @ContextHierarchy found for test class [com.omar.springapp.SpringAppApplicationTests], using SpringBootContextLoader
10:21:00.793 [Test worker] DEBUG org.springframework.test.context.support.AbstractContextLoader - Did not detect default resource location for test class [com.omar.springapp.SpringAppApplicationTests]: class path resource [com/omar/springapp/SpringAppApplicationTests-context.xml] does not exist
10:21:00.794 [Test worker] DEBUG org.springframework.test.context.support.AbstractContextLoader - Did not detect default resource location for test class [com.omar.springapp.SpringAppApplicationTests]: class path resource [com/omar/springapp/SpringAppApplicationTestsContext.groovy] does not exist
10:21:00.794 [Test worker] INFO org.springframework.test.context.support.AbstractContextLoader - Could not detect default resource locations for test class [com.omar.springapp.SpringAppApplicationTests]: no resource found for suffixes {-context.xml, Context.groovy}.
10:21:00.795 [Test worker] INFO org.springframework.test.context.support.AnnotationConfigContextLoaderUtils - Could not detect default configuration classes for test class [com.omar.springapp.SpringAppApplicationTests]: SpringAppApplicationTests does not declare any static, non-private, non-final, nested classes annotated with @Configuration.
10:21:00.833 [Test worker] DEBUG org.springframework.test.context.support.ActiveProfilesUtils - Could not find an 'annotation declaring class' for annotation type [org.springframework.test.context.ActiveProfiles] and class [com.omar.springapp.SpringAppApplicationTests]
10:21:00.891 [Test worker] DEBUG org.springframework.context.annotation.ClassPathScanningCandidateComponentProvider - Identified candidate component class: file [/Users/vishvarodrigo/Documents/workspace-spring-tool-suite2/spring-app/build/classes/java/main/com/omar/springapp/SpringAppApplication.class]
10:21:00.901 [Test worker] INFO org.springframework.boot.test.context.SpringBootTestContextBootstrapper - Found @SpringBootConfiguration com.omar.springapp.SpringAppApplication for test class com.omar.springapp.SpringAppApplicationTests
10:21:01.002 [Test worker] DEBUG org.springframework.boot.test.context.SpringBootTestContextBootstrapper - @TestExecutionListeners is not present for class [com.omar.springapp.SpringAppApplicationTests]: using defaults.
10:21:01.002 [Test worker] INFO org.springframework.boot.test.context.SpringBootTestContextBootstrapper - Loaded default TestExecutionListener class names from location [META-INF/spring.factories]: [org.springframework.boot.test.autoconfigure.restdocs.RestDocsTestExecutionListener, org.springframework.boot.test.autoconfigure.web.client.MockRestServiceServerResetTestExecutionListener, org.springframework.boot.test.autoconfigure.web.servlet.MockMvcPrintOnlyOnFailureTestExecutionListener, org.springframework.boot.test.autoconfigure.web.servlet.WebDriverTestExecutionListener, org.springframework.boot.test.autoconfigure.webservices.client.MockWebServiceServerTestExecutionListener, org.springframework.boot.test.mock.mockito.MockitoTestExecutionListener, org.springframework.boot.test.mock.mockito.ResetMocksTestExecutionListener, org.springframework.test.context.web.ServletTestExecutionListener, org.springframework.test.context.support.DirtiesContextBeforeModesTestExecutionListener, org.springframework.test.context.event.ApplicationEventsTestExecutionListener, org.springframework.test.context.support.DependencyInjectionTestExecutionListener, org.springframework.test.context.support.DirtiesContextTestExecutionListener, org.springframework.test.context.transaction.TransactionalTestExecutionListener, org.springframework.test.context.jdbc.SqlScriptsTestExecutionListener, org.springframework.test.context.event.EventPublishingTestExecutionListener]
10:21:01.011 [Test worker] DEBUG org.springframework.boot.test.context.SpringBootTestContextBootstrapper - Skipping candidate TestExecutionListener [org.springframework.test.context.transaction.TransactionalTestExecutionListener] due to a missing dependency. Specify custom listener classes or make the default listener classes and their required dependencies available. Offending class: [org/springframework/transaction/TransactionDefinition]
10:21:01.012 [Test worker] DEBUG org.springframework.boot.test.context.SpringBootTestContextBootstrapper - Skipping candidate TestExecutionListener [org.springframework.test.context.jdbc.SqlScriptsTestExecutionListener] due to a missing dependency. Specify custom listener classes or make the default listener classes and their required dependencies available. Offending class: [org/springframework/transaction/interceptor/TransactionAttribute]
10:21:01.013 [Test worker] INFO org.springframework.boot.test.context.SpringBootTestContextBootstrapper - Using TestExecutionListeners: [org.springframework.test.context.web.ServletTestExecutionListener@4f3d2267, org.springframework.test.context.support.DirtiesContextBeforeModesTestExecutionListener@48b8b08, org.springframework.test.context.event.ApplicationEventsTestExecutionListener@abfacb4, org.springframework.boot.test.mock.mockito.MockitoTestExecutionListener@46163775, org.springframework.boot.test.autoconfigure.SpringBootDependencyInjectionTestExecutionListener@601e0bca, org.springframework.test.context.support.DirtiesContextTestExecutionListener@38151f0a, org.springframework.test.context.event.EventPublishingTestExecutionListener@4f38deb0, org.springframework.boot.test.autoconfigure.restdocs.RestDocsTestExecutionListener@3862e5bd, org.springframework.boot.test.autoconfigure.web.client.MockRestServiceServerResetTestExecutionListener@28b2e920, org.springframework.boot.test.autoconfigure.web.servlet.MockMvcPrintOnlyOnFailureTestExecutionListener@384f4e73, org.springframework.boot.test.autoconfigure.web.servlet.WebDriverTestExecutionListener@310bda94, org.springframework.boot.test.autoconfigure.webservices.client.MockWebServiceServerTestExecutionListener@1eeb8e05, org.springframework.boot.test.mock.mockito.ResetMocksTestExecutionListener@21af9f11]
10:21:01.016 [Test worker] DEBUG org.springframework.test.context.support.AbstractDirtiesContextTestExecutionListener - Before test class: context [DefaultTestContext@24fb3bed testClass = SpringAppApplicationTests, testInstance = [null], testMethod = [null], testException = [null], mergedContextConfiguration = [WebMergedContextConfiguration@6bda2540 testClass = SpringAppApplicationTests, locations = '{}', classes = '{class com.omar.springapp.SpringAppApplication}', contextInitializerClasses = '[]', activeProfiles = '{}', propertySourceLocations = '{}', propertySourceProperties = '{org.springframework.boot.test.context.SpringBootTestContextBootstrapper=true}', contextCustomizers = set[org.springframework.boot.test.autoconfigure.actuate.metrics.MetricsExportContextCustomizerFactory$DisableMetricExportContextCustomizer@15137690, org.springframework.boot.test.autoconfigure.properties.PropertyMappingContextCustomizer@0, org.springframework.boot.test.autoconfigure.web.servlet.WebDriverContextCustomizerFactory$Customizer@3d73b3a9, org.springframework.boot.test.context.filter.ExcludeFilterContextCustomizer@4d5b4dbd, org.springframework.boot.test.json.DuplicateJsonObjectContextCustomizerFactory$DuplicateJsonObjectContextCustomizer@793c9151, org.springframework.boot.test.mock.mockito.MockitoContextCustomizer@0, org.springframework.boot.test.web.client.TestRestTemplateContextCustomizer@2eb2144b, org.springframework.boot.test.context.SpringBootTestArgs@1, org.springframework.boot.test.context.SpringBootTestWebEnvironment@2677fd0b], resourceBasePath = 'src/main/webapp', contextLoader = 'org.springframework.boot.test.context.SpringBootContextLoader', parent = [null]], attributes = map['org.springframework.test.context.web.ServletTestExecutionListener.activateListener' -> true]], class annotated with @DirtiesContext [false] with mode [null].
10:21:01.042 [Test worker] DEBUG org.springframework.test.context.support.TestPropertySourceUtils - Adding inlined properties to environment: {spring.jmx.enabled=false, org.springframework.boot.test.context.SpringBootTestContextBootstrapper=true}

  .   ____          _            __ _ _
 /\\ / ___'_ __ _ _(_)_ __  __ _ \ \ \ \
( ( )\___ | '_ | '_| | '_ \/ _` | \ \ \ \
 \\/  ___)| |_)| | | | | || (_| |  ) ) ) )
  '  |____| .__|_| |_|_| |_\__, | / / / /
 =========|_|==============|___/=/_/_/_/
 :: Spring Boot ::                (v2.4.3)

2021-03-10 10:21:01.251  INFO 2230 --- [    Test worker] c.o.springapp.SpringAppApplicationTests  : Starting SpringAppApplicationTests using Java 1.8.0_242-release on Vishvas-MacBook-Pro.local with PID 2230 (started by vishvarodrigo in /Users/vishvarodrigo/Documents/workspace-spring-tool-suite2/spring-app)
2021-03-10 10:21:01.254  INFO 2230 --- [    Test worker] c.o.springapp.SpringAppApplicationTests  : No active profile set, falling back to default profiles: default
2021-03-10 10:21:02.233  INFO 2230 --- [    Test worker] o.s.s.concurrent.ThreadPoolTaskExecutor  : Initializing ExecutorService 'applicationTaskExecutor'
2021-03-10 10:21:02.482  INFO 2230 --- [    Test worker] c.o.springapp.SpringAppApplicationTests  : Started SpringAppApplicationTests in 1.433 seconds (JVM running for 2.448)
]]></system-out>
  <system-err><![CDATA[]]></system-err>
</testsuite>
